2025-07-16 13:47:31,635 DEBUG    root            Loaded Command Group: ['gcloud', 'components']
2025-07-16 13:47:31,638 DEBUG    root            Loaded Command Group: ['gcloud', 'components', 'update']
2025-07-16 13:47:31,641 DEBUG    root            Running [gcloud.components.update] with arguments: [--quiet: "True", COMPONENT-IDS:8: "['gcloud', 'core', 'bq', 'gsutil', 'compute', 'preview', 'alpha', 'beta']"]
2025-07-16 13:47:31,642 INFO     ___FILE_ONLY___ Beginning update. This process may take several minutes.

2025-07-16 13:47:31,654 DEBUG    urllib3.connectionpool Starting new HTTPS connection (1): dl.google.com:443
2025-07-16 13:47:31,822 DEBUG    urllib3.connectionpool https://dl.google.com:443 "GET /dl/cloudsdk/channels/rapid/components-2.json HTTP/11" 200 239798
2025-07-16 13:47:31,842 WARNING  root            Component [compute] no longer exists.
2025-07-16 13:47:31,844 INFO     ___FILE_ONLY___ 

2025-07-16 13:47:31,845 INFO     ___FILE_ONLY___ 
Your current Google Cloud CLI version is: 530.0.0

2025-07-16 13:47:31,845 INFO     ___FILE_ONLY___ Installing components from version: 530.0.0

2025-07-16 13:47:31,845 INFO     ___FILE_ONLY___ 

2025-07-16 13:47:31,846 DEBUG    root            Chosen display Format:table[box,title="These components will be removed."](details.display_name:label=Name:align=left,version.version_string:label=Version:align=right,data.size.size(zero="",min=1048576):label=Size:align=right)
2025-07-16 13:47:31,846 DEBUG    root            Chosen display Format:table[box,title="These components will be updated."](details.display_name:label=Name:align=left,version.version_string:label=Version:align=right,data.size.size(zero="",min=1048576):label=Size:align=right)
2025-07-16 13:47:31,847 DEBUG    root            Chosen display Format:table[box,title="These components will be installed."](details.display_name:label=Name:align=left,version.version_string:label=Version:align=right,data.size.size(zero="",min=1048576):label=Size:align=right)
2025-07-16 13:47:31,864 INFO     ___FILE_ONLY___ ┌────────────────────────────────────────────────┐
2025-07-16 13:47:31,864 INFO     ___FILE_ONLY___ 

2025-07-16 13:47:31,864 INFO     ___FILE_ONLY___ │      These components will be installed.       │
2025-07-16 13:47:31,864 INFO     ___FILE_ONLY___ 

2025-07-16 13:47:31,864 INFO     ___FILE_ONLY___ ├─────────────────────────┬────────────┬─────────┤
2025-07-16 13:47:31,864 INFO     ___FILE_ONLY___ 

2025-07-16 13:47:31,864 INFO     ___FILE_ONLY___ │           Name          │  Version   │   Size  │
2025-07-16 13:47:31,864 INFO     ___FILE_ONLY___ 

2025-07-16 13:47:31,864 INFO     ___FILE_ONLY___ ├─────────────────────────┼────────────┼─────────┤
2025-07-16 13:47:31,865 INFO     ___FILE_ONLY___ 

2025-07-16 13:47:31,865 INFO     ___FILE_ONLY___ │ 
2025-07-16 13:47:31,865 INFO     ___FILE_ONLY___ gcloud Alpha Commands  
2025-07-16 13:47:31,865 INFO     ___FILE_ONLY___  
2025-07-16 13:47:31,865 INFO     ___FILE_ONLY___ │ 
2025-07-16 13:47:31,865 INFO     ___FILE_ONLY___ 2025.07.11
2025-07-16 13:47:31,865 INFO     ___FILE_ONLY___  
2025-07-16 13:47:31,865 INFO     ___FILE_ONLY___ │ 
2025-07-16 13:47:31,865 INFO     ___FILE_ONLY___ < 1 MiB
2025-07-16 13:47:31,865 INFO     ___FILE_ONLY___  
2025-07-16 13:47:31,865 INFO     ___FILE_ONLY___ │
2025-07-16 13:47:31,866 INFO     ___FILE_ONLY___ 

2025-07-16 13:47:31,866 INFO     ___FILE_ONLY___ │ 
2025-07-16 13:47:31,866 INFO     ___FILE_ONLY___ gcloud Beta Commands   
2025-07-16 13:47:31,866 INFO     ___FILE_ONLY___  
2025-07-16 13:47:31,866 INFO     ___FILE_ONLY___ │ 
2025-07-16 13:47:31,866 INFO     ___FILE_ONLY___ 2025.07.11
2025-07-16 13:47:31,866 INFO     ___FILE_ONLY___  
2025-07-16 13:47:31,866 INFO     ___FILE_ONLY___ │ 
2025-07-16 13:47:31,866 INFO     ___FILE_ONLY___ < 1 MiB
2025-07-16 13:47:31,866 INFO     ___FILE_ONLY___  
2025-07-16 13:47:31,867 INFO     ___FILE_ONLY___ │
2025-07-16 13:47:31,867 INFO     ___FILE_ONLY___ 

2025-07-16 13:47:31,867 INFO     ___FILE_ONLY___ │ 
2025-07-16 13:47:31,867 INFO     ___FILE_ONLY___ gcloud Preview Commands
2025-07-16 13:47:31,867 INFO     ___FILE_ONLY___  
2025-07-16 13:47:31,867 INFO     ___FILE_ONLY___ │ 
2025-07-16 13:47:31,867 INFO     ___FILE_ONLY___           
2025-07-16 13:47:31,867 INFO     ___FILE_ONLY___  
2025-07-16 13:47:31,867 INFO     ___FILE_ONLY___ │ 
2025-07-16 13:47:31,867 INFO     ___FILE_ONLY___ < 1 MiB
2025-07-16 13:47:31,867 INFO     ___FILE_ONLY___  
2025-07-16 13:47:31,867 INFO     ___FILE_ONLY___ │
2025-07-16 13:47:31,867 INFO     ___FILE_ONLY___ 

2025-07-16 13:47:31,868 INFO     ___FILE_ONLY___ └─────────────────────────┴────────────┴─────────┘
2025-07-16 13:47:31,868 INFO     ___FILE_ONLY___ 

2025-07-16 13:47:31,868 INFO     ___FILE_ONLY___ 

2025-07-16 13:47:31,872 DEBUG    urllib3.connectionpool Starting new HTTPS connection (1): dl.google.com:443
2025-07-16 13:47:32,804 DEBUG    urllib3.connectionpool https://dl.google.com:443 "GET /dl/cloudsdk/channels/rapid/RELEASE_NOTES HTTP/11" 200 1449519
2025-07-16 13:47:33,291 INFO     ___FILE_ONLY___ For the latest full release notes, please visit:
  https://cloud.google.com/sdk/release_notes


2025-07-16 13:47:33,292 INFO     ___FILE_ONLY___ Performing in place update...


2025-07-16 13:47:33,294 INFO     ___FILE_ONLY___ ╔════════════════════════════════════════════════════════════╗

2025-07-16 13:47:33,295 INFO     ___FILE_ONLY___ ╠═ Downloading: gcloud Alpha Commands                       ═╣

2025-07-16 13:47:33,295 INFO     ___FILE_ONLY___ ╚
2025-07-16 13:47:33,299 DEBUG    urllib3.connectionpool Starting new HTTPS connection (1): dl.google.com:443
2025-07-16 13:47:34,242 DEBUG    urllib3.connectionpool https://dl.google.com:443 "GET /dl/cloudsdk/channels/rapid/components/google-cloud-sdk-alpha-20250711193911.tar.gz HTTP/11" 200 800
2025-07-16 13:47:34,243 INFO     ___FILE_ONLY___ ════════════════════════════════════════════════════════════
2025-07-16 13:47:34,243 INFO     ___FILE_ONLY___ ╝

2025-07-16 13:47:34,246 INFO     ___FILE_ONLY___ ╔════════════════════════════════════════════════════════════╗

2025-07-16 13:47:34,246 INFO     ___FILE_ONLY___ ╠═ Downloading: gcloud Beta Commands                        ═╣

2025-07-16 13:47:34,246 INFO     ___FILE_ONLY___ ╚
2025-07-16 13:47:34,250 DEBUG    urllib3.connectionpool Starting new HTTPS connection (1): dl.google.com:443
2025-07-16 13:47:35,223 DEBUG    urllib3.connectionpool https://dl.google.com:443 "GET /dl/cloudsdk/channels/rapid/components/google-cloud-sdk-beta-20250711193911.tar.gz HTTP/11" 200 797
2025-07-16 13:47:35,224 INFO     ___FILE_ONLY___ ════════════════════════════════════════════════════════════
2025-07-16 13:47:35,224 INFO     ___FILE_ONLY___ ╝

2025-07-16 13:47:35,227 INFO     ___FILE_ONLY___ ╔════════════════════════════════════════════════════════════╗

2025-07-16 13:47:35,227 INFO     ___FILE_ONLY___ ╠═ Downloading: gcloud Preview Commands                     ═╣

2025-07-16 13:47:35,227 INFO     ___FILE_ONLY___ ╚
2025-07-16 13:47:35,231 DEBUG    urllib3.connectionpool Starting new HTTPS connection (1): dl.google.com:443
2025-07-16 13:47:36,193 DEBUG    urllib3.connectionpool https://dl.google.com:443 "GET /dl/cloudsdk/channels/rapid/components/google-cloud-sdk-preview-20241115154308.tar.gz HTTP/11" 200 823
2025-07-16 13:47:36,194 INFO     ___FILE_ONLY___ ════════════════════════════════════════════════════════════
2025-07-16 13:47:36,194 INFO     ___FILE_ONLY___ ╝

2025-07-16 13:47:36,197 INFO     ___FILE_ONLY___ ╔════════════════════════════════════════════════════════════╗

2025-07-16 13:47:36,197 INFO     ___FILE_ONLY___ ╠═ Installing: gcloud Alpha Commands                        ═╣

2025-07-16 13:47:36,197 INFO     ___FILE_ONLY___ ╚
2025-07-16 13:47:36,199 INFO     ___FILE_ONLY___ ════════════════════════════════════════════════════════════
2025-07-16 13:47:36,199 INFO     ___FILE_ONLY___ ╝

2025-07-16 13:47:36,207 INFO     ___FILE_ONLY___ ╔════════════════════════════════════════════════════════════╗

2025-07-16 13:47:36,207 INFO     ___FILE_ONLY___ ╠═ Installing: gcloud Beta Commands                         ═╣

2025-07-16 13:47:36,207 INFO     ___FILE_ONLY___ ╚
2025-07-16 13:47:36,209 INFO     ___FILE_ONLY___ ════════════════════════════════════════════════════════════
2025-07-16 13:47:36,209 INFO     ___FILE_ONLY___ ╝

2025-07-16 13:47:36,214 INFO     ___FILE_ONLY___ ╔════════════════════════════════════════════════════════════╗

2025-07-16 13:47:36,215 INFO     ___FILE_ONLY___ ╠═ Installing: gcloud Preview Commands                      ═╣

2025-07-16 13:47:36,215 INFO     ___FILE_ONLY___ ╚
2025-07-16 13:47:36,216 INFO     ___FILE_ONLY___ ════════════════════════════════════════════════════════════
2025-07-16 13:47:36,216 INFO     ___FILE_ONLY___ ╝

2025-07-16 13:47:36,222 DEBUG    root            Updating notification cache...
2025-07-16 13:47:36,223 INFO     ___FILE_ONLY___ 

2025-07-16 13:47:36,225 INFO     ___FILE_ONLY___ Performing post processing steps...
2025-07-16 13:47:36,226 DEBUG    root            Executing command: ['/tools/google-cloud-sdk/bin/gcloud', 'components', 'post-process']
2025-07-16 13:47:47,823 DEBUG    ___FILE_ONLY___ 
2025-07-16 13:47:47,823 DEBUG    ___FILE_ONLY___ 
2025-07-16 13:47:47,995 INFO     root            descriptor_list: [{'universeDomain': 'googleapis.com', 'universeShortName': '', 'authenticationDomain': 'auth.cloud.google.com', 'projectPrefix': '', 'cloudWebDomain': 'cloud.google.com', 'documentationDomain': 'cloud.google.com', 'version': '1.0.0', 'state': 'primary', 'artifactRegistryDomain': 'pkg.dev'}]
2025-07-16 13:47:47,996 INFO     ___FILE_ONLY___ 
Update done!


2025-07-16 13:47:47,999 DEBUG    root            Chosen display Format:none
2025-07-16 13:47:48,000 INFO     root            Display format: "none"
